[2026-01-30 19:39:52] TELEGRAM FAILED - Test alert - This is a test of the backup failure notification system
[2026-01-30 19:40:10] Test alert - Backup failure notification system working
[2026-01-30 19:40:51] Post-commit auto-push failed: Host key verification failed.
fatal: Could not read from remote repository.

Please make sure you have the correct access rights
and the repository exists.
error: src refspec master does not match any
error: failed to push some refs to 'github.com:ryang4/BeStupid.git'
[2026-01-30 19:40:54] Git push failed: Host key verification failed.
fatal: Could not read from remote repository.

Please make sure you have the correct access rights
and the repository exists.
[2026-02-05 17:46:08] Post-commit auto-push failed: To https://github.com/ryang4/BeStupid.git
 ! [rejected]        main -> main (non-fast-forward)
error: failed to push some refs to 'https://github.com/ryang4/BeStupid.git'
hint: Updates were rejected because a pushed branch tip is behind its remote
hint: counterpart. If you want to integrate the remote changes, use 'git pull'
hint: before pushing again.
hint: See the 'Note about fast-forwards' in 'git push --help' for details.
[2026-02-05 18:51:54] Git pull --rebase failed after 3 attempts
[2026-02-05 18:51:55] Git pull --rebase failed after 3 attempts
[2026-02-05 18:52:15] Git push failed after 3 attempts
[2026-02-05 18:52:15] Git push failed after 3 attempts
[2026-02-07 00:27:26] Git pull --rebase failed after 3 attempts
[2026-02-07 00:27:26] Git pull --rebase failed after 3 attempts
[2026-02-08 09:28:08] Robust backup script failed
[2026-03-02 01:45:47] Robust backup script failed
[2026-03-02 10:01:30] Robust backup script failed
[2026-03-04 08:33:04] Robust backup script failed
[2026-03-04 09:18:35] Robust backup script failed
[2026-03-15 00:04:44] Test error
[2026-03-15 00:05:46] Test error
[2026-03-16 19:07:04] Test error
[2026-03-16 19:07:37] Test error
[2026-03-16 20:13:12] Test error
[2026-03-16 20:15:28] Test error
[2026-03-16 20:15:43] Test error
[2026-03-16 20:16:35] Test error
[2026-03-16 20:16:46] Test error
[2026-03-16 20:28:54] Test error
